2020-07-14 06:56:06 INFO  stepdefinitions.DashBoardStepdefinitions:47 - Currrent dir path :C:\Users\ammulu123\Jan2020\HRMOrangDemoProject
  2020-07-14 07:01:04 INFO  stepdefinitions.DashBoardStepdefinitions:47 - Currrent dir path :C:\Users\ammulu123\Jan2020\HRMOrangDemoProject
  2020-07-14 07:01:09 INFO  stepdefinitions.DashBoardStepdefinitions:54 - User is logged successfully
  2020-07-14 07:01:12 INFO  stepdefinitions.DashBoardStepdefinitions:76 - Actual Page Title is --System Users123
  2020-07-14 07:01:12 INFO  stepdefinitions.DashBoardStepdefinitions:77 - Expected Page Title is --System Users123
  2020-07-14 07:01:23 INFO  stepdefinitions.DashBoardStepdefinitions:47 - Currrent dir path :C:\Users\ammulu123\Jan2020\HRMOrangDemoProject
  2020-07-14 07:01:30 INFO  stepdefinitions.DashBoardStepdefinitions:54 - User is logged successfully
  2020-07-14 07:01:32 INFO  stepdefinitions.DashBoardStepdefinitions:76 - Actual Page Title is --Employee Information
  2020-07-14 07:01:32 INFO  stepdefinitions.DashBoardStepdefinitions:77 - Expected Page Title is --Employee Information
  2020-07-14 07:01:44 INFO  stepdefinitions.DashBoardStepdefinitions:47 - Currrent dir path :C:\Users\ammulu123\Jan2020\HRMOrangDemoProject
  2020-07-14 07:01:51 INFO  stepdefinitions.DashBoardStepdefinitions:54 - User is logged successfully
  2020-07-14 07:01:54 INFO  stepdefinitions.DashBoardStepdefinitions:76 - Actual Page Title is --Leave List
  2020-07-14 07:01:54 INFO  stepdefinitions.DashBoardStepdefinitions:77 - Expected Page Title is --Leave List
  2020-07-14 07:18:14 INFO  stepdefinitions.DashBoardStepdefinitions:47 - Currrent dir path :C:\Users\ammulu123\Jan2020\HRMOrangDemoProject
  2020-07-14 07:18:21 INFO  stepdefinitions.DashBoardStepdefinitions:54 - User is logged successfully
  2020-07-14 07:18:23 INFO  stepdefinitions.DashBoardStepdefinitions:76 - Actual Page Title is --System Users123
  2020-07-14 07:18:23 INFO  stepdefinitions.DashBoardStepdefinitions:77 - Expected Page Title is --System Users123
  2020-07-14 07:18:35 INFO  stepdefinitions.DashBoardStepdefinitions:47 - Currrent dir path :C:\Users\ammulu123\Jan2020\HRMOrangDemoProject
  2020-07-14 07:18:41 INFO  stepdefinitions.DashBoardStepdefinitions:54 - User is logged successfully
  2020-07-14 07:18:45 INFO  stepdefinitions.DashBoardStepdefinitions:76 - Actual Page Title is --Employee Information
  2020-07-14 07:18:45 INFO  stepdefinitions.DashBoardStepdefinitions:77 - Expected Page Title is --Employee Information
  2020-07-14 07:18:56 INFO  stepdefinitions.DashBoardStepdefinitions:47 - Currrent dir path :C:\Users\ammulu123\Jan2020\HRMOrangDemoProject
  2020-07-14 07:19:02 INFO  stepdefinitions.DashBoardStepdefinitions:54 - User is logged successfully
  2020-07-14 07:19:06 INFO  stepdefinitions.DashBoardStepdefinitions:76 - Actual Page Title is --Leave List
  2020-07-14 07:19:06 INFO  stepdefinitions.DashBoardStepdefinitions:77 - Expected Page Title is --Leave List
  2020-07-15 06:23:15 INFO  stepdefinitions.DashBoardStepdefinitions:47 - Currrent dir path :C:\Users\ammulu123\Jan2020\HRMOrangDemoProject
  2020-07-15 06:23:20 INFO  stepdefinitions.DashBoardStepdefinitions:54 - User is logged successfully
  2020-07-15 06:23:22 INFO  stepdefinitions.DashBoardStepdefinitions:76 - Actual Page Title is --System Users123
  2020-07-15 06:23:22 INFO  stepdefinitions.DashBoardStepdefinitions:77 - Expected Page Title is --System Users123
  2020-07-15 06:23:31 INFO  stepdefinitions.DashBoardStepdefinitions:47 - Currrent dir path :C:\Users\ammulu123\Jan2020\HRMOrangDemoProject
  2020-07-15 06:23:35 INFO  stepdefinitions.DashBoardStepdefinitions:54 - User is logged successfully
  2020-07-15 06:23:37 INFO  stepdefinitions.DashBoardStepdefinitions:76 - Actual Page Title is --Employee Information
  2020-07-15 06:23:38 INFO  stepdefinitions.DashBoardStepdefinitions:77 - Expected Page Title is --Employee Information
  2020-07-15 06:23:46 INFO  stepdefinitions.DashBoardStepdefinitions:47 - Currrent dir path :C:\Users\ammulu123\Jan2020\HRMOrangDemoProject
  2020-07-15 06:23:51 INFO  stepdefinitions.DashBoardStepdefinitions:54 - User is logged successfully
  2020-07-15 06:23:53 INFO  stepdefinitions.DashBoardStepdefinitions:76 - Actual Page Title is --Leave List
  2020-07-15 06:23:53 INFO  stepdefinitions.DashBoardStepdefinitions:77 - Expected Page Title is --Leave List
  2020-07-15 06:26:50 INFO  stepdefinitions.DashBoardStepdefinitions:47 - Currrent dir path :C:\Users\ammulu123\Jan2020\HRMOrangDemoProject
  2020-07-15 06:26:56 INFO  stepdefinitions.DashBoardStepdefinitions:54 - User is logged successfully
  2020-07-15 06:26:58 INFO  stepdefinitions.DashBoardStepdefinitions:76 - Actual Page Title is --System Users123
  2020-07-15 06:26:58 INFO  stepdefinitions.DashBoardStepdefinitions:77 - Expected Page Title is --System Users123
  2020-07-15 06:27:14 INFO  stepdefinitions.DashBoardStepdefinitions:47 - Currrent dir path :C:\Users\ammulu123\Jan2020\HRMOrangDemoProject
  2020-07-15 06:27:20 INFO  stepdefinitions.DashBoardStepdefinitions:54 - User is logged successfully
  2020-07-15 06:27:22 INFO  stepdefinitions.DashBoardStepdefinitions:76 - Actual Page Title is --Employee Information
  2020-07-15 06:27:22 INFO  stepdefinitions.DashBoardStepdefinitions:77 - Expected Page Title is --Employee Information
  2020-07-15 06:31:32 INFO  stepdefinitions.DashBoardStepdefinitions:47 - Currrent dir path :C:\Users\ammulu123\Jan2020\HRMOrangDemoProject
  2020-07-15 06:31:37 INFO  stepdefinitions.DashBoardStepdefinitions:54 - User is logged successfully
  2020-07-15 06:31:38 INFO  stepdefinitions.DashBoardStepdefinitions:76 - Actual Page Title is --System Users123
  2020-07-15 06:31:38 INFO  stepdefinitions.DashBoardStepdefinitions:77 - Expected Page Title is --System Users123
  2020-07-15 06:31:48 INFO  stepdefinitions.DashBoardStepdefinitions:47 - Currrent dir path :C:\Users\ammulu123\Jan2020\HRMOrangDemoProject
  2020-07-15 06:31:53 INFO  stepdefinitions.DashBoardStepdefinitions:54 - User is logged successfully
  2020-07-15 06:31:56 INFO  stepdefinitions.DashBoardStepdefinitions:76 - Actual Page Title is --Employee Information
  2020-07-15 06:31:56 INFO  stepdefinitions.DashBoardStepdefinitions:77 - Expected Page Title is --Employee Information
  2020-07-15 06:32:07 INFO  stepdefinitions.DashBoardStepdefinitions:47 - Currrent dir path :C:\Users\ammulu123\Jan2020\HRMOrangDemoProject
  2020-07-15 06:32:12 INFO  stepdefinitions.DashBoardStepdefinitions:54 - User is logged successfully
  2020-07-15 06:32:14 INFO  stepdefinitions.DashBoardStepdefinitions:76 - Actual Page Title is --Leave List
  2020-07-15 06:32:14 INFO  stepdefinitions.DashBoardStepdefinitions:77 - Expected Page Title is --Leave List
  